{"/Users/rethink_1/workspace/star-wars-list-app/StarWarsList/src/api/services/caracterJustNameService.ts": {"path":"/Users/rethink_1/workspace/star-wars-list-app/StarWarsList/src/api/services/caracterJustNameService.ts","statementMap":{"0":{"start":{"line":3,"column":17},"end":{"line":3,"column":40}},"1":{"start":{"line":11,"column":2},"end":{"line":20,"column":3}},"2":{"start":{"line":12,"column":21},"end":{"line":12,"column":72}},"3":{"start":{"line":13,"column":4},"end":{"line":16,"column":8}},"4":{"start":{"line":13,"column":58},"end":{"line":16,"column":5}},"5":{"start":{"line":18,"column":4},"end":{"line":18,"column":56}},"6":{"start":{"line":19,"column":4},"end":{"line":19,"column":16}},"7":{"start":{"line":24,"column":18},"end":{"line":24,"column":30}},"8":{"start":{"line":25,"column":18},"end":{"line":25,"column":36}},"9":{"start":{"line":26,"column":2},"end":{"line":28,"column":3}},"10":{"start":{"line":27,"column":4},"end":{"line":27,"column":36}},"11":{"start":{"line":29,"column":2},"end":{"line":29,"column":11}},"12":{"start":{"line":35,"column":2},"end":{"line":41,"column":3}},"13":{"start":{"line":36,"column":21},"end":{"line":36,"column":65}},"14":{"start":{"line":37,"column":4},"end":{"line":37,"column":30}},"15":{"start":{"line":39,"column":4},"end":{"line":39,"column":80}},"16":{"start":{"line":40,"column":4},"end":{"line":40,"column":21}}},"fnMap":{"0":{"name":"fetchCharactersName","decl":{"start":{"line":10,"column":22},"end":{"line":10,"column":41}},"loc":{"start":{"line":10,"column":78},"end":{"line":21,"column":1}},"line":10},"1":{"name":"(anonymous_1)","decl":{"start":{"line":13,"column":37},"end":{"line":13,"column":38}},"loc":{"start":{"line":13,"column":58},"end":{"line":16,"column":5}},"line":13},"2":{"name":"extractIdFromUrl","decl":{"start":{"line":23,"column":9},"end":{"line":23,"column":25}},"loc":{"start":{"line":23,"column":47},"end":{"line":30,"column":1}},"line":23},"3":{"name":"fetchCharacterNameById","decl":{"start":{"line":32,"column":22},"end":{"line":32,"column":44}},"loc":{"start":{"line":34,"column":31},"end":{"line":42,"column":1}},"line":34}},"branchMap":{"0":{"loc":{"start":{"line":26,"column":2},"end":{"line":28,"column":3}},"type":"if","locations":[{"start":{"line":26,"column":2},"end":{"line":28,"column":3}},{"start":{},"end":{}}],"line":26},"1":{"loc":{"start":{"line":26,"column":6},"end":{"line":26,"column":35}},"type":"binary-expr","locations":[{"start":{"line":26,"column":6},"end":{"line":26,"column":13}},{"start":{"line":26,"column":17},"end":{"line":26,"column":35}}],"line":26}},"s":{"0":0,"1":0,"2":0,"3":0,"4":0,"5":0,"6":0,"7":0,"8":0,"9":0,"10":0,"11":0,"12":0,"13":0,"14":0,"15":0,"16":0},"f":{"0":0,"1":0,"2":0,"3":0},"b":{"0":[0,0],"1":[0,0]}}
,"/Users/rethink_1/workspace/star-wars-list-app/StarWarsList/src/api/services/characterNameService.ts": {"path":"/Users/rethink_1/workspace/star-wars-list-app/StarWarsList/src/api/services/characterNameService.ts","statementMap":{"0":{"start":{"line":3,"column":17},"end":{"line":3,"column":40}},"1":{"start":{"line":11,"column":2},"end":{"line":20,"column":3}},"2":{"start":{"line":12,"column":21},"end":{"line":12,"column":72}},"3":{"start":{"line":13,"column":4},"end":{"line":16,"column":8}},"4":{"start":{"line":13,"column":58},"end":{"line":16,"column":5}},"5":{"start":{"line":18,"column":4},"end":{"line":18,"column":56}},"6":{"start":{"line":19,"column":4},"end":{"line":19,"column":16}},"7":{"start":{"line":24,"column":18},"end":{"line":24,"column":30}},"8":{"start":{"line":25,"column":18},"end":{"line":25,"column":36}},"9":{"start":{"line":26,"column":2},"end":{"line":28,"column":3}},"10":{"start":{"line":27,"column":4},"end":{"line":27,"column":36}},"11":{"start":{"line":29,"column":2},"end":{"line":29,"column":11}}},"fnMap":{"0":{"name":"fetchCharactersName","decl":{"start":{"line":10,"column":22},"end":{"line":10,"column":41}},"loc":{"start":{"line":10,"column":78},"end":{"line":21,"column":1}},"line":10},"1":{"name":"(anonymous_1)","decl":{"start":{"line":13,"column":37},"end":{"line":13,"column":38}},"loc":{"start":{"line":13,"column":58},"end":{"line":16,"column":5}},"line":13},"2":{"name":"extractIdFromUrl","decl":{"start":{"line":23,"column":9},"end":{"line":23,"column":25}},"loc":{"start":{"line":23,"column":47},"end":{"line":30,"column":1}},"line":23}},"branchMap":{"0":{"loc":{"start":{"line":26,"column":2},"end":{"line":28,"column":3}},"type":"if","locations":[{"start":{"line":26,"column":2},"end":{"line":28,"column":3}},{"start":{},"end":{}}],"line":26},"1":{"loc":{"start":{"line":26,"column":6},"end":{"line":26,"column":35}},"type":"binary-expr","locations":[{"start":{"line":26,"column":6},"end":{"line":26,"column":13}},{"start":{"line":26,"column":17},"end":{"line":26,"column":35}}],"line":26}},"s":{"0":1,"1":0,"2":0,"3":0,"4":0,"5":0,"6":0,"7":0,"8":0,"9":0,"10":0,"11":0},"f":{"0":0,"1":0,"2":0},"b":{"0":[0,0],"1":[0,0]},"_coverageSchema":"1a1c01bbd47fc00a2c39e90264f33305004495a9","hash":"5b5d0339950ab5478e6581088e81057180702372"}
,"/Users/rethink_1/workspace/star-wars-list-app/StarWarsList/src/api/services/charactersFullDetails.ts": {"path":"/Users/rethink_1/workspace/star-wars-list-app/StarWarsList/src/api/services/charactersFullDetails.ts","statementMap":{"0":{"start":{"line":3,"column":17},"end":{"line":3,"column":40}},"1":{"start":{"line":20,"column":2},"end":{"line":31,"column":3}},"2":{"start":{"line":21,"column":21},"end":{"line":21,"column":72}},"3":{"start":{"line":22,"column":4},"end":{"line":27,"column":8}},"4":{"start":{"line":22,"column":58},"end":{"line":27,"column":5}},"5":{"start":{"line":29,"column":4},"end":{"line":29,"column":56}},"6":{"start":{"line":30,"column":4},"end":{"line":30,"column":16}},"7":{"start":{"line":37,"column":2},"end":{"line":56,"column":3}},"8":{"start":{"line":38,"column":21},"end":{"line":38,"column":71}},"9":{"start":{"line":39,"column":22},"end":{"line":39,"column":35}},"10":{"start":{"line":40,"column":4},"end":{"line":52,"column":6}},"11":{"start":{"line":54,"column":4},"end":{"line":54,"column":67}},"12":{"start":{"line":55,"column":4},"end":{"line":55,"column":16}},"13":{"start":{"line":60,"column":18},"end":{"line":60,"column":30}},"14":{"start":{"line":61,"column":18},"end":{"line":61,"column":36}},"15":{"start":{"line":62,"column":2},"end":{"line":64,"column":3}},"16":{"start":{"line":63,"column":4},"end":{"line":63,"column":36}},"17":{"start":{"line":65,"column":2},"end":{"line":65,"column":11}}},"fnMap":{"0":{"name":"fetchCharacters","decl":{"start":{"line":19,"column":22},"end":{"line":19,"column":37}},"loc":{"start":{"line":19,"column":74},"end":{"line":32,"column":1}},"line":19},"1":{"name":"(anonymous_1)","decl":{"start":{"line":22,"column":37},"end":{"line":22,"column":38}},"loc":{"start":{"line":22,"column":58},"end":{"line":27,"column":5}},"line":22},"2":{"name":"fetchCharacterFullDetails","decl":{"start":{"line":34,"column":22},"end":{"line":34,"column":47}},"loc":{"start":{"line":36,"column":22},"end":{"line":57,"column":1}},"line":36},"3":{"name":"extractIdFromUrl","decl":{"start":{"line":59,"column":9},"end":{"line":59,"column":25}},"loc":{"start":{"line":59,"column":47},"end":{"line":66,"column":1}},"line":59}},"branchMap":{"0":{"loc":{"start":{"line":62,"column":2},"end":{"line":64,"column":3}},"type":"if","locations":[{"start":{"line":62,"column":2},"end":{"line":64,"column":3}},{"start":{},"end":{}}],"line":62},"1":{"loc":{"start":{"line":62,"column":6},"end":{"line":62,"column":35}},"type":"binary-expr","locations":[{"start":{"line":62,"column":6},"end":{"line":62,"column":13}},{"start":{"line":62,"column":17},"end":{"line":62,"column":35}}],"line":62}},"s":{"0":1,"1":0,"2":0,"3":0,"4":0,"5":0,"6":0,"7":0,"8":0,"9":0,"10":0,"11":0,"12":0,"13":0,"14":0,"15":0,"16":0,"17":0},"f":{"0":0,"1":0,"2":0,"3":0},"b":{"0":[0,0],"1":[0,0]},"_coverageSchema":"1a1c01bbd47fc00a2c39e90264f33305004495a9","hash":"fa9166b18ec5f91a907d0e83fb9d1b0dc12aafa4"}
,"/Users/rethink_1/workspace/star-wars-list-app/StarWarsList/src/api/services/filmService.ts": {"path":"/Users/rethink_1/workspace/star-wars-list-app/StarWarsList/src/api/services/filmService.ts","statementMap":{"0":{"start":{"line":3,"column":23},"end":{"line":3,"column":46}},"1":{"start":{"line":9,"column":2},"end":{"line":26,"column":3}},"2":{"start":{"line":10,"column":21},"end":{"line":10,"column":61}},"3":{"start":{"line":11,"column":4},"end":{"line":11,"column":31}},"4":{"start":{"line":13,"column":4},"end":{"line":25,"column":5}},"5":{"start":{"line":18,"column":6},"end":{"line":20,"column":8}},"6":{"start":{"line":21,"column":6},"end":{"line":21,"column":46}},"7":{"start":{"line":23,"column":6},"end":{"line":23,"column":68}},"8":{"start":{"line":24,"column":6},"end":{"line":24,"column":18}}},"fnMap":{"0":{"name":"fetchFilmTitle","decl":{"start":{"line":5,"column":22},"end":{"line":5,"column":36}},"loc":{"start":{"line":8,"column":19},"end":{"line":27,"column":1}},"line":8}},"branchMap":{"0":{"loc":{"start":{"line":7,"column":2},"end":{"line":7,"column":13}},"type":"default-arg","locations":[{"start":{"line":7,"column":12},"end":{"line":7,"column":13}}],"line":7},"1":{"loc":{"start":{"line":13,"column":4},"end":{"line":25,"column":5}},"type":"if","locations":[{"start":{"line":13,"column":4},"end":{"line":25,"column":5}},{"start":{"line":22,"column":11},"end":{"line":25,"column":5}}],"line":13},"2":{"loc":{"start":{"line":14,"column":6},"end":{"line":16,"column":17}},"type":"binary-expr","locations":[{"start":{"line":14,"column":6},"end":{"line":14,"column":31}},{"start":{"line":15,"column":6},"end":{"line":15,"column":35}},{"start":{"line":16,"column":6},"end":{"line":16,"column":17}}],"line":14}},"s":{"0":1,"1":0,"2":0,"3":0,"4":0,"5":0,"6":0,"7":0,"8":0},"f":{"0":0},"b":{"0":[0],"1":[0,0],"2":[0,0,0]},"_coverageSchema":"1a1c01bbd47fc00a2c39e90264f33305004495a9","hash":"298dd922fc5be4e5dfdbb54496aebb247a099c80"}
,"/Users/rethink_1/workspace/star-wars-list-app/StarWarsList/src/assets/icons/ArrowDown.tsx": {"path":"/Users/rethink_1/workspace/star-wars-list-app/StarWarsList/src/assets/icons/ArrowDown.tsx","statementMap":{"0":{"start":{"line":5,"column":25},"end":{"line":32,"column":1}},"1":{"start":{"line":6,"column":2},"end":{"line":31,"column":4}}},"fnMap":{"0":{"name":"(anonymous_0)","decl":{"start":{"line":5,"column":25},"end":{"line":5,"column":26}},"loc":{"start":{"line":5,"column":71},"end":{"line":32,"column":1}},"line":5}},"branchMap":{"0":{"loc":{"start":{"line":5,"column":28},"end":{"line":5,"column":37}},"type":"default-arg","locations":[{"start":{"line":5,"column":35},"end":{"line":5,"column":37}}],"line":5},"1":{"loc":{"start":{"line":5,"column":39},"end":{"line":5,"column":54}},"type":"default-arg","locations":[{"start":{"line":5,"column":47},"end":{"line":5,"column":54}}],"line":5}},"s":{"0":4,"1":9},"f":{"0":9},"b":{"0":[0],"1":[9]},"_coverageSchema":"1a1c01bbd47fc00a2c39e90264f33305004495a9","hash":"5ac18f549e80f367177b8a1b7ce2aa0c9316efd0"}
,"/Users/rethink_1/workspace/star-wars-list-app/StarWarsList/src/assets/icons/ArrowLeft.tsx": {"path":"/Users/rethink_1/workspace/star-wars-list-app/StarWarsList/src/assets/icons/ArrowLeft.tsx","statementMap":{"0":{"start":{"line":5,"column":25},"end":{"line":29,"column":1}},"1":{"start":{"line":6,"column":2},"end":{"line":28,"column":4}}},"fnMap":{"0":{"name":"(anonymous_0)","decl":{"start":{"line":5,"column":25},"end":{"line":5,"column":26}},"loc":{"start":{"line":5,"column":71},"end":{"line":29,"column":1}},"line":5}},"branchMap":{"0":{"loc":{"start":{"line":5,"column":28},"end":{"line":5,"column":37}},"type":"default-arg","locations":[{"start":{"line":5,"column":35},"end":{"line":5,"column":37}}],"line":5},"1":{"loc":{"start":{"line":5,"column":39},"end":{"line":5,"column":54}},"type":"default-arg","locations":[{"start":{"line":5,"column":47},"end":{"line":5,"column":54}}],"line":5}},"s":{"0":4,"1":5},"f":{"0":5},"b":{"0":[0],"1":[5]},"_coverageSchema":"1a1c01bbd47fc00a2c39e90264f33305004495a9","hash":"92cce9c6b92d7d110d4968ce8c15848e79bcc124"}
,"/Users/rethink_1/workspace/star-wars-list-app/StarWarsList/src/assets/icons/Close.tsx": {"path":"/Users/rethink_1/workspace/star-wars-list-app/StarWarsList/src/assets/icons/Close.tsx","statementMap":{"0":{"start":{"line":6,"column":2},"end":{"line":20,"column":4}}},"fnMap":{"0":{"name":"Close","decl":{"start":{"line":5,"column":16},"end":{"line":5,"column":21}},"loc":{"start":{"line":5,"column":64},"end":{"line":21,"column":1}},"line":5}},"branchMap":{"0":{"loc":{"start":{"line":5,"column":24},"end":{"line":5,"column":33}},"type":"default-arg","locations":[{"start":{"line":5,"column":31},"end":{"line":5,"column":33}}],"line":5},"1":{"loc":{"start":{"line":5,"column":35},"end":{"line":5,"column":50}},"type":"default-arg","locations":[{"start":{"line":5,"column":43},"end":{"line":5,"column":50}}],"line":5}},"s":{"0":0},"f":{"0":0},"b":{"0":[0],"1":[0]},"_coverageSchema":"1a1c01bbd47fc00a2c39e90264f33305004495a9","hash":"dd0d8c163ff0be522788adbd5199be1ec968bb7a"}
,"/Users/rethink_1/workspace/star-wars-list-app/StarWarsList/src/assets/icons/Search.tsx": {"path":"/Users/rethink_1/workspace/star-wars-list-app/StarWarsList/src/assets/icons/Search.tsx","statementMap":{"0":{"start":{"line":5,"column":22},"end":{"line":26,"column":1}},"1":{"start":{"line":6,"column":2},"end":{"line":25,"column":4}}},"fnMap":{"0":{"name":"(anonymous_0)","decl":{"start":{"line":5,"column":22},"end":{"line":5,"column":23}},"loc":{"start":{"line":5,"column":68},"end":{"line":26,"column":1}},"line":5}},"branchMap":{"0":{"loc":{"start":{"line":5,"column":25},"end":{"line":5,"column":34}},"type":"default-arg","locations":[{"start":{"line":5,"column":32},"end":{"line":5,"column":34}}],"line":5},"1":{"loc":{"start":{"line":5,"column":36},"end":{"line":5,"column":51}},"type":"default-arg","locations":[{"start":{"line":5,"column":44},"end":{"line":5,"column":51}}],"line":5}},"s":{"0":4,"1":0},"f":{"0":0},"b":{"0":[0],"1":[0]},"_coverageSchema":"1a1c01bbd47fc00a2c39e90264f33305004495a9","hash":"a1237ff058bc0a7932f36653f119a50b0879724e"}
,"/Users/rethink_1/workspace/star-wars-list-app/StarWarsList/src/assets/icons/StarLine.tsx": {"path":"/Users/rethink_1/workspace/star-wars-list-app/StarWarsList/src/assets/icons/StarLine.tsx","statementMap":{"0":{"start":{"line":5,"column":24},"end":{"line":30,"column":1}},"1":{"start":{"line":6,"column":2},"end":{"line":29,"column":4}}},"fnMap":{"0":{"name":"(anonymous_0)","decl":{"start":{"line":5,"column":24},"end":{"line":5,"column":25}},"loc":{"start":{"line":5,"column":70},"end":{"line":30,"column":1}},"line":5}},"branchMap":{"0":{"loc":{"start":{"line":5,"column":27},"end":{"line":5,"column":36}},"type":"default-arg","locations":[{"start":{"line":5,"column":34},"end":{"line":5,"column":36}}],"line":5},"1":{"loc":{"start":{"line":5,"column":38},"end":{"line":5,"column":53}},"type":"default-arg","locations":[{"start":{"line":5,"column":46},"end":{"line":5,"column":53}}],"line":5}},"s":{"0":4,"1":8},"f":{"0":8},"b":{"0":[0],"1":[8]},"_coverageSchema":"1a1c01bbd47fc00a2c39e90264f33305004495a9","hash":"020d53223c7bc57f24d8ec71ca4f7e1fc5081b8d"}
,"/Users/rethink_1/workspace/star-wars-list-app/StarWarsList/src/assets/icons/StartOutline.tsx": {"path":"/Users/rethink_1/workspace/star-wars-list-app/StarWarsList/src/assets/icons/StartOutline.tsx","statementMap":{"0":{"start":{"line":5,"column":28},"end":{"line":29,"column":1}},"1":{"start":{"line":6,"column":2},"end":{"line":28,"column":4}}},"fnMap":{"0":{"name":"(anonymous_0)","decl":{"start":{"line":5,"column":28},"end":{"line":5,"column":29}},"loc":{"start":{"line":5,"column":74},"end":{"line":29,"column":1}},"line":5}},"branchMap":{"0":{"loc":{"start":{"line":5,"column":31},"end":{"line":5,"column":40}},"type":"default-arg","locations":[{"start":{"line":5,"column":38},"end":{"line":5,"column":40}}],"line":5},"1":{"loc":{"start":{"line":5,"column":42},"end":{"line":5,"column":57}},"type":"default-arg","locations":[{"start":{"line":5,"column":50},"end":{"line":5,"column":57}}],"line":5}},"s":{"0":4,"1":3},"f":{"0":3},"b":{"0":[0],"1":[3]},"_coverageSchema":"1a1c01bbd47fc00a2c39e90264f33305004495a9","hash":"a8b726128080344630564cfac1b9ba11170333d9"}
,"/Users/rethink_1/workspace/star-wars-list-app/StarWarsList/src/components/Button/Button.tsx": {"path":"/Users/rethink_1/workspace/star-wars-list-app/StarWarsList/src/components/Button/Button.tsx","statementMap":{"0":{"start":{"line":17,"column":22},"end":{"line":29,"column":1}},"1":{"start":{"line":18,"column":2},"end":{"line":28,"column":4}}},"fnMap":{"0":{"name":"(anonymous_0)","decl":{"start":{"line":17,"column":22},"end":{"line":17,"column":23}},"loc":{"start":{"line":17,"column":75},"end":{"line":29,"column":1}},"line":17}},"branchMap":{},"s":{"0":1,"1":3},"f":{"0":3},"b":{},"_coverageSchema":"1a1c01bbd47fc00a2c39e90264f33305004495a9","hash":"9f6c1be8812029067add30b8116ed938ca7c1e2b"}
,"/Users/rethink_1/workspace/star-wars-list-app/StarWarsList/src/components/CardItem/CardItem.tsx": {"path":"/Users/rethink_1/workspace/star-wars-list-app/StarWarsList/src/components/CardItem/CardItem.tsx","statementMap":{"0":{"start":{"line":19,"column":24},"end":{"line":63,"column":1}},"1":{"start":{"line":27,"column":19},"end":{"line":27,"column":59}},"2":{"start":{"line":29,"column":25},"end":{"line":33,"column":3}},"3":{"start":{"line":30,"column":4},"end":{"line":32,"column":5}},"4":{"start":{"line":31,"column":6},"end":{"line":31,"column":34}},"5":{"start":{"line":35,"column":25},"end":{"line":37,"column":28}},"6":{"start":{"line":39,"column":2},"end":{"line":62,"column":4}}},"fnMap":{"0":{"name":"(anonymous_0)","decl":{"start":{"line":19,"column":24},"end":{"line":19,"column":25}},"loc":{"start":{"line":26,"column":21},"end":{"line":63,"column":1}},"line":26},"1":{"name":"(anonymous_1)","decl":{"start":{"line":29,"column":25},"end":{"line":29,"column":26}},"loc":{"start":{"line":29,"column":31},"end":{"line":33,"column":3}},"line":29}},"branchMap":{"0":{"loc":{"start":{"line":27,"column":19},"end":{"line":27,"column":59}},"type":"cond-expr","locations":[{"start":{"line":27,"column":32},"end":{"line":27,"column":42}},{"start":{"line":27,"column":45},"end":{"line":27,"column":59}}],"line":27},"1":{"loc":{"start":{"line":30,"column":4},"end":{"line":32,"column":5}},"type":"if","locations":[{"start":{"line":30,"column":4},"end":{"line":32,"column":5}},{"start":{},"end":{}}],"line":30},"2":{"loc":{"start":{"line":30,"column":8},"end":{"line":30,"column":51}},"type":"binary-expr","locations":[{"start":{"line":30,"column":8},"end":{"line":30,"column":33}},{"start":{"line":30,"column":37},"end":{"line":30,"column":51}}],"line":30},"3":{"loc":{"start":{"line":35,"column":25},"end":{"line":37,"column":28}},"type":"cond-expr","locations":[{"start":{"line":36,"column":6},"end":{"line":36,"column":30}},{"start":{"line":37,"column":6},"end":{"line":37,"column":28}}],"line":35},"4":{"loc":{"start":{"line":49,"column":11},"end":{"line":57,"column":11}},"type":"binary-expr","locations":[{"start":{"line":49,"column":11},"end":{"line":49,"column":18}},{"start":{"line":50,"column":12},"end":{"line":56,"column":31}}],"line":49},"5":{"loc":{"start":{"line":60,"column":7},"end":{"line":60,"column":58}},"type":"binary-expr","locations":[{"start":{"line":60,"column":7},"end":{"line":60,"column":16}},{"start":{"line":60,"column":20},"end":{"line":60,"column":58}}],"line":60}},"s":{"0":3,"1":11,"2":11,"3":0,"4":0,"5":11,"6":11},"f":{"0":11,"1":0},"b":{"0":[8,3],"1":[0,0],"2":[0,0],"3":[2,9],"4":[11,9],"5":[11,2]},"_coverageSchema":"1a1c01bbd47fc00a2c39e90264f33305004495a9","hash":"3636fde97ebb77eb735072ac381dd77d6ffce0aa"}
,"/Users/rethink_1/workspace/star-wars-list-app/StarWarsList/src/components/CardItem/CardCaracter/CardCaracter.tsx": {"path":"/Users/rethink_1/workspace/star-wars-list-app/StarWarsList/src/components/CardItem/CardCaracter/CardCaracter.tsx","statementMap":{"0":{"start":{"line":11,"column":28},"end":{"line":80,"column":1}},"1":{"start":{"line":12,"column":2},"end":{"line":79,"column":4}}},"fnMap":{"0":{"name":"(anonymous_0)","decl":{"start":{"line":11,"column":28},"end":{"line":11,"column":29}},"loc":{"start":{"line":11,"column":66},"end":{"line":80,"column":1}},"line":11}},"branchMap":{},"s":{"0":4,"1":3},"f":{"0":3},"b":{},"_coverageSchema":"1a1c01bbd47fc00a2c39e90264f33305004495a9","hash":"e0c9dfe1fba67c92e95ee6feda9b9104b78f7d38"}
,"/Users/rethink_1/workspace/star-wars-list-app/StarWarsList/src/components/Icon/Icon.tsx": {"path":"/Users/rethink_1/workspace/star-wars-list-app/StarWarsList/src/components/Icon/Icon.tsx","statementMap":{"0":{"start":{"line":27,"column":18},"end":{"line":27,"column":36}},"1":{"start":{"line":29,"column":2},"end":{"line":35,"column":3}},"2":{"start":{"line":30,"column":4},"end":{"line":34,"column":6}},"3":{"start":{"line":37,"column":2},"end":{"line":37,"column":33}},"4":{"start":{"line":40,"column":21},"end":{"line":47,"column":1}}},"fnMap":{"0":{"name":"Icon","decl":{"start":{"line":21,"column":16},"end":{"line":21,"column":20}},"loc":{"start":{"line":26,"column":14},"end":{"line":38,"column":1}},"line":26}},"branchMap":{"0":{"loc":{"start":{"line":29,"column":2},"end":{"line":35,"column":3}},"type":"if","locations":[{"start":{"line":29,"column":2},"end":{"line":35,"column":3}},{"start":{},"end":{}}],"line":29}},"s":{"0":25,"1":25,"2":0,"3":25,"4":4},"f":{"0":25},"b":{"0":[0,25]},"_coverageSchema":"1a1c01bbd47fc00a2c39e90264f33305004495a9","hash":"155806da946c429954e08807540a08f09c7a710d"}
,"/Users/rethink_1/workspace/star-wars-list-app/StarWarsList/src/components/MovieCard/MovieCard.tsx": {"path":"/Users/rethink_1/workspace/star-wars-list-app/StarWarsList/src/components/MovieCard/MovieCard.tsx","statementMap":{"0":{"start":{"line":10,"column":25},"end":{"line":16,"column":1}},"1":{"start":{"line":11,"column":2},"end":{"line":15,"column":4}}},"fnMap":{"0":{"name":"(anonymous_0)","decl":{"start":{"line":10,"column":25},"end":{"line":10,"column":26}},"loc":{"start":{"line":10,"column":61},"end":{"line":16,"column":1}},"line":10}},"branchMap":{},"s":{"0":2,"1":3},"f":{"0":3},"b":{},"_coverageSchema":"1a1c01bbd47fc00a2c39e90264f33305004495a9","hash":"831f6fda520f690bdfae0e0291f968039e847d2d"}
,"/Users/rethink_1/workspace/star-wars-list-app/StarWarsList/src/components/Text/Text.tsx": {"path":"/Users/rethink_1/workspace/star-wars-list-app/StarWarsList/src/components/Text/Text.tsx","statementMap":{"0":{"start":{"line":13,"column":20},"end":{"line":21,"column":1}},"1":{"start":{"line":18,"column":27},"end":{"line":18,"column":79}},"2":{"start":{"line":20,"column":2},"end":{"line":20,"column":71}}},"fnMap":{"0":{"name":"(anonymous_0)","decl":{"start":{"line":13,"column":20},"end":{"line":13,"column":21}},"loc":{"start":{"line":17,"column":17},"end":{"line":21,"column":1}},"line":17}},"branchMap":{"0":{"loc":{"start":{"line":14,"column":2},"end":{"line":14,"column":29}},"type":"default-arg","locations":[{"start":{"line":14,"column":12},"end":{"line":14,"column":29}}],"line":14},"1":{"loc":{"start":{"line":18,"column":27},"end":{"line":18,"column":79}},"type":"binary-expr","locations":[{"start":{"line":18,"column":27},"end":{"line":18,"column":46}},{"start":{"line":18,"column":50},"end":{"line":18,"column":79}}],"line":18}},"s":{"0":7,"1":72,"2":72},"f":{"0":72},"b":{"0":[4],"1":[72,0]},"_coverageSchema":"1a1c01bbd47fc00a2c39e90264f33305004495a9","hash":"3fa8a1bd4302c1404e9992a566c9b679085f74de"}
,"/Users/rethink_1/workspace/star-wars-list-app/StarWarsList/src/components/TopBar/TopBar.tsx": {"path":"/Users/rethink_1/workspace/star-wars-list-app/StarWarsList/src/components/TopBar/TopBar.tsx","statementMap":{"0":{"start":{"line":14,"column":22},"end":{"line":38,"column":1}},"1":{"start":{"line":19,"column":2},"end":{"line":37,"column":4}}},"fnMap":{"0":{"name":"(anonymous_0)","decl":{"start":{"line":14,"column":22},"end":{"line":14,"column":23}},"loc":{"start":{"line":18,"column":19},"end":{"line":38,"column":1}},"line":18}},"branchMap":{"0":{"loc":{"start":{"line":21,"column":7},"end":{"line":29,"column":7}},"type":"binary-expr","locations":[{"start":{"line":21,"column":7},"end":{"line":21,"column":15}},{"start":{"line":22,"column":8},"end":{"line":28,"column":27}}],"line":21},"1":{"loc":{"start":{"line":30,"column":7},"end":{"line":35,"column":7}},"type":"binary-expr","locations":[{"start":{"line":30,"column":7},"end":{"line":30,"column":16}},{"start":{"line":31,"column":8},"end":{"line":34,"column":27}}],"line":30}},"s":{"0":3,"1":8},"f":{"0":8},"b":{"0":[8,5],"1":[8,5]},"_coverageSchema":"1a1c01bbd47fc00a2c39e90264f33305004495a9","hash":"c5e691a4731e7013a69a22003f21d9a7913180bf"}
,"/Users/rethink_1/workspace/star-wars-list-app/StarWarsList/src/routes/Routes.tsx": {"path":"/Users/rethink_1/workspace/star-wars-list-app/StarWarsList/src/routes/Routes.tsx","statementMap":{"0":{"start":{"line":9,"column":14},"end":{"line":9,"column":42}},"1":{"start":{"line":18,"column":22},"end":{"line":33,"column":1}},"2":{"start":{"line":19,"column":2},"end":{"line":32,"column":4}}},"fnMap":{"0":{"name":"(anonymous_0)","decl":{"start":{"line":18,"column":22},"end":{"line":18,"column":23}},"loc":{"start":{"line":18,"column":28},"end":{"line":33,"column":1}},"line":18}},"branchMap":{},"s":{"0":0,"1":0,"2":0},"f":{"0":0},"b":{}}
,"/Users/rethink_1/workspace/star-wars-list-app/StarWarsList/src/screen/DetailScreen/DetailScreen.tsx": {"path":"/Users/rethink_1/workspace/star-wars-list-app/StarWarsList/src/screen/DetailScreen/DetailScreen.tsx","statementMap":{"0":{"start":{"line":21,"column":28},"end":{"line":103,"column":1}},"1":{"start":{"line":22,"column":28},"end":{"line":24,"column":3}},"2":{"start":{"line":23,"column":4},"end":{"line":23,"column":24}},"3":{"start":{"line":26,"column":23},"end":{"line":26,"column":59}},"4":{"start":{"line":29,"column":4},"end":{"line":29,"column":33}},"5":{"start":{"line":30,"column":58},"end":{"line":30,"column":76}},"6":{"start":{"line":31,"column":41},"end":{"line":31,"column":60}},"7":{"start":{"line":33,"column":2},"end":{"line":35,"column":17}},"8":{"start":{"line":34,"column":4},"end":{"line":34,"column":35}},"9":{"start":{"line":37,"column":2},"end":{"line":45,"column":18}},"10":{"start":{"line":38,"column":4},"end":{"line":44,"column":5}},"11":{"start":{"line":39,"column":6},"end":{"line":43,"column":9}},"12":{"start":{"line":40,"column":8},"end":{"line":42,"column":9}},"13":{"start":{"line":41,"column":10},"end":{"line":41,"column":33}},"14":{"start":{"line":47,"column":2},"end":{"line":60,"column":3}},"15":{"start":{"line":48,"column":4},"end":{"line":59,"column":6}},"16":{"start":{"line":62,"column":2},"end":{"line":68,"column":3}},"17":{"start":{"line":63,"column":4},"end":{"line":67,"column":6}},"18":{"start":{"line":70,"column":2},"end":{"line":102,"column":4}},"19":{"start":{"line":94,"column":12},"end":{"line":97,"column":14}}},"fnMap":{"0":{"name":"(anonymous_0)","decl":{"start":{"line":21,"column":28},"end":{"line":21,"column":29}},"loc":{"start":{"line":21,"column":68},"end":{"line":103,"column":1}},"line":21},"1":{"name":"(anonymous_1)","decl":{"start":{"line":22,"column":28},"end":{"line":22,"column":29}},"loc":{"start":{"line":22,"column":34},"end":{"line":24,"column":3}},"line":22},"2":{"name":"(anonymous_2)","decl":{"start":{"line":33,"column":12},"end":{"line":33,"column":13}},"loc":{"start":{"line":33,"column":18},"end":{"line":35,"column":3}},"line":33},"3":{"name":"(anonymous_3)","decl":{"start":{"line":37,"column":12},"end":{"line":37,"column":13}},"loc":{"start":{"line":37,"column":18},"end":{"line":45,"column":3}},"line":37},"4":{"name":"(anonymous_4)","decl":{"start":{"line":39,"column":30},"end":{"line":39,"column":31}},"loc":{"start":{"line":39,"column":43},"end":{"line":43,"column":7}},"line":39},"5":{"name":"(anonymous_5)","decl":{"start":{"line":93,"column":31},"end":{"line":93,"column":32}},"loc":{"start":{"line":94,"column":12},"end":{"line":97,"column":14}},"line":94}},"branchMap":{"0":{"loc":{"start":{"line":38,"column":4},"end":{"line":44,"column":5}},"type":"if","locations":[{"start":{"line":38,"column":4},"end":{"line":44,"column":5}},{"start":{},"end":{}}],"line":38},"1":{"loc":{"start":{"line":40,"column":8},"end":{"line":42,"column":9}},"type":"if","locations":[{"start":{"line":40,"column":8},"end":{"line":42,"column":9}},{"start":{},"end":{}}],"line":40},"2":{"loc":{"start":{"line":47,"column":2},"end":{"line":60,"column":3}},"type":"if","locations":[{"start":{"line":47,"column":2},"end":{"line":60,"column":3}},{"start":{},"end":{}}],"line":47},"3":{"loc":{"start":{"line":47,"column":6},"end":{"line":47,"column":29}},"type":"binary-expr","locations":[{"start":{"line":47,"column":6},"end":{"line":47,"column":15}},{"start":{"line":47,"column":19},"end":{"line":47,"column":29}}],"line":47},"4":{"loc":{"start":{"line":62,"column":2},"end":{"line":68,"column":3}},"type":"if","locations":[{"start":{"line":62,"column":2},"end":{"line":68,"column":3}},{"start":{},"end":{}}],"line":62},"5":{"loc":{"start":{"line":62,"column":6},"end":{"line":62,"column":24}},"type":"binary-expr","locations":[{"start":{"line":62,"column":6},"end":{"line":62,"column":11}},{"start":{"line":62,"column":15},"end":{"line":62,"column":24}}],"line":62},"6":{"loc":{"start":{"line":96,"column":26},"end":{"line":96,"column":61}},"type":"binary-expr","locations":[{"start":{"line":96,"column":26},"end":{"line":96,"column":45}},{"start":{"line":96,"column":49},"end":{"line":96,"column":61}}],"line":96}},"s":{"0":1,"1":3,"2":0,"3":3,"4":3,"5":3,"6":3,"7":3,"8":3,"9":3,"10":3,"11":3,"12":3,"13":0,"14":3,"15":0,"16":3,"17":1,"18":2,"19":2},"f":{"0":3,"1":0,"2":3,"3":3,"4":3,"5":2},"b":{"0":[3,0],"1":[0,3],"2":[0,3],"3":[3,3],"4":[1,2],"5":[3,2],"6":[2,0]},"_coverageSchema":"1a1c01bbd47fc00a2c39e90264f33305004495a9","hash":"579ed66de533b83470e93002c19c512fd8f55c54"}
,"/Users/rethink_1/workspace/star-wars-list-app/StarWarsList/src/screen/HomeScreen/HomeScreen.tsx": {"path":"/Users/rethink_1/workspace/star-wars-list-app/StarWarsList/src/screen/HomeScreen/HomeScreen.tsx","statementMap":{"0":{"start":{"line":15,"column":19},"end":{"line":19,"column":1}},"1":{"start":{"line":16,"column":2},"end":{"line":18,"column":9}},"2":{"start":{"line":21,"column":26},"end":{"line":124,"column":1}},"3":{"start":{"line":28,"column":6},"end":{"line":28,"column":37}},"4":{"start":{"line":31,"column":4},"end":{"line":31,"column":23}},"5":{"start":{"line":33,"column":2},"end":{"line":35,"column":9}},"6":{"start":{"line":34,"column":4},"end":{"line":34,"column":21}},"7":{"start":{"line":37,"column":30},"end":{"line":47,"column":3}},"8":{"start":{"line":38,"column":4},"end":{"line":46,"column":6}},"9":{"start":{"line":43,"column":8},"end":{"line":43,"column":67}},"10":{"start":{"line":45,"column":28},"end":{"line":45,"column":51}},"11":{"start":{"line":49,"column":29},"end":{"line":64,"column":3}},"12":{"start":{"line":51,"column":6},"end":{"line":51,"column":68}},"13":{"start":{"line":51,"column":32},"end":{"line":51,"column":48}},"14":{"start":{"line":53,"column":4},"end":{"line":63,"column":6}},"15":{"start":{"line":59,"column":10},"end":{"line":59,"column":67}},"16":{"start":{"line":61,"column":30},"end":{"line":61,"column":50}},"17":{"start":{"line":66,"column":2},"end":{"line":79,"column":3}},"18":{"start":{"line":67,"column":4},"end":{"line":78,"column":6}},"19":{"start":{"line":81,"column":2},"end":{"line":87,"column":3}},"20":{"start":{"line":82,"column":4},"end":{"line":86,"column":6}},"21":{"start":{"line":89,"column":2},"end":{"line":123,"column":4}},"22":{"start":{"line":100,"column":34},"end":{"line":100,"column":49}},"23":{"start":{"line":112,"column":34},"end":{"line":112,"column":52}},"24":{"start":{"line":116,"column":12},"end":{"line":118,"column":20}}},"fnMap":{"0":{"name":"(anonymous_0)","decl":{"start":{"line":15,"column":19},"end":{"line":15,"column":20}},"loc":{"start":{"line":16,"column":2},"end":{"line":18,"column":9}},"line":16},"1":{"name":"(anonymous_1)","decl":{"start":{"line":21,"column":26},"end":{"line":21,"column":27}},"loc":{"start":{"line":21,"column":59},"end":{"line":124,"column":1}},"line":21},"2":{"name":"(anonymous_2)","decl":{"start":{"line":33,"column":12},"end":{"line":33,"column":13}},"loc":{"start":{"line":33,"column":18},"end":{"line":35,"column":3}},"line":33},"3":{"name":"(anonymous_3)","decl":{"start":{"line":37,"column":30},"end":{"line":37,"column":31}},"loc":{"start":{"line":38,"column":4},"end":{"line":46,"column":6}},"line":38},"4":{"name":"(anonymous_4)","decl":{"start":{"line":42,"column":15},"end":{"line":42,"column":16}},"loc":{"start":{"line":43,"column":8},"end":{"line":43,"column":67}},"line":43},"5":{"name":"(anonymous_5)","decl":{"start":{"line":45,"column":22},"end":{"line":45,"column":23}},"loc":{"start":{"line":45,"column":28},"end":{"line":45,"column":51}},"line":45},"6":{"name":"(anonymous_6)","decl":{"start":{"line":49,"column":29},"end":{"line":49,"column":30}},"loc":{"start":{"line":49,"column":61},"end":{"line":64,"column":3}},"line":49},"7":{"name":"(anonymous_7)","decl":{"start":{"line":51,"column":22},"end":{"line":51,"column":23}},"loc":{"start":{"line":51,"column":32},"end":{"line":51,"column":48}},"line":51},"8":{"name":"(anonymous_8)","decl":{"start":{"line":58,"column":17},"end":{"line":58,"column":18}},"loc":{"start":{"line":58,"column":23},"end":{"line":60,"column":9}},"line":58},"9":{"name":"(anonymous_9)","decl":{"start":{"line":61,"column":24},"end":{"line":61,"column":25}},"loc":{"start":{"line":61,"column":30},"end":{"line":61,"column":50}},"line":61},"10":{"name":"(anonymous_10)","decl":{"start":{"line":100,"column":24},"end":{"line":100,"column":25}},"loc":{"start":{"line":100,"column":34},"end":{"line":100,"column":49}},"line":100},"11":{"name":"(anonymous_11)","decl":{"start":{"line":112,"column":24},"end":{"line":112,"column":25}},"loc":{"start":{"line":112,"column":34},"end":{"line":112,"column":52}},"line":112},"12":{"name":"(anonymous_12)","decl":{"start":{"line":115,"column":31},"end":{"line":115,"column":32}},"loc":{"start":{"line":116,"column":12},"end":{"line":118,"column":20}},"line":116}},"branchMap":{"0":{"loc":{"start":{"line":51,"column":6},"end":{"line":51,"column":68}},"type":"binary-expr","locations":[{"start":{"line":51,"column":6},"end":{"line":51,"column":55}},{"start":{"line":51,"column":59},"end":{"line":51,"column":68}}],"line":51},"1":{"loc":{"start":{"line":66,"column":2},"end":{"line":79,"column":3}},"type":"if","locations":[{"start":{"line":66,"column":2},"end":{"line":79,"column":3}},{"start":{},"end":{}}],"line":66},"2":{"loc":{"start":{"line":66,"column":6},"end":{"line":66,"column":42}},"type":"binary-expr","locations":[{"start":{"line":66,"column":6},"end":{"line":66,"column":15}},{"start":{"line":66,"column":19},"end":{"line":66,"column":42}}],"line":66},"3":{"loc":{"start":{"line":81,"column":2},"end":{"line":87,"column":3}},"type":"if","locations":[{"start":{"line":81,"column":2},"end":{"line":87,"column":3}},{"start":{},"end":{}}],"line":81},"4":{"loc":{"start":{"line":116,"column":12},"end":{"line":118,"column":20}},"type":"cond-expr","locations":[{"start":{"line":117,"column":14},"end":{"line":117,"column":64}},{"start":{"line":118,"column":16},"end":{"line":118,"column":20}}],"line":116},"5":{"loc":{"start":{"line":116,"column":12},"end":{"line":116,"column":46}},"type":"binary-expr","locations":[{"start":{"line":116,"column":12},"end":{"line":116,"column":21}},{"start":{"line":116,"column":25},"end":{"line":116,"column":46}}],"line":116}},"s":{"0":1,"1":0,"2":1,"3":3,"4":3,"5":3,"6":3,"7":3,"8":4,"9":0,"10":0,"11":3,"12":4,"13":6,"14":4,"15":0,"16":0,"17":3,"18":0,"19":3,"20":1,"21":2,"22":6,"23":6,"24":2},"f":{"0":0,"1":3,"2":3,"3":4,"4":0,"5":0,"6":4,"7":6,"8":0,"9":0,"10":6,"11":6,"12":2},"b":{"0":[4,0],"1":[0,3],"2":[3,0],"3":[1,2],"4":[0,2],"5":[2,0]},"_coverageSchema":"1a1c01bbd47fc00a2c39e90264f33305004495a9","hash":"79586f74023d9b32adb32d5221757f7404c846bc"}
,"/Users/rethink_1/workspace/star-wars-list-app/StarWarsList/src/store/favoriteStore.ts": {"path":"/Users/rethink_1/workspace/star-wars-list-app/StarWarsList/src/store/favoriteStore.ts","statementMap":{"0":{"start":{"line":10,"column":33},"end":{"line":26,"column":3}},"1":{"start":{"line":10,"column":71},"end":{"line":26,"column":1}},"2":{"start":{"line":13,"column":23},"end":{"line":13,"column":60}},"3":{"start":{"line":14,"column":4},"end":{"line":22,"column":5}},"4":{"start":{"line":15,"column":6},"end":{"line":17,"column":10}},"5":{"start":{"line":15,"column":22},"end":{"line":17,"column":7}},"6":{"start":{"line":19,"column":6},"end":{"line":21,"column":10}},"7":{"start":{"line":19,"column":22},"end":{"line":21,"column":7}},"8":{"start":{"line":20,"column":50},"end":{"line":20,"column":68}},"9":{"start":{"line":24,"column":31},"end":{"line":24,"column":68}},"10":{"start":{"line":25,"column":31},"end":{"line":25,"column":46}}},"fnMap":{"0":{"name":"(anonymous_0)","decl":{"start":{"line":10,"column":56},"end":{"line":10,"column":57}},"loc":{"start":{"line":10,"column":71},"end":{"line":26,"column":1}},"line":10},"1":{"name":"(anonymous_1)","decl":{"start":{"line":12,"column":18},"end":{"line":12,"column":19}},"loc":{"start":{"line":12,"column":35},"end":{"line":23,"column":3}},"line":12},"2":{"name":"(anonymous_2)","decl":{"start":{"line":15,"column":10},"end":{"line":15,"column":11}},"loc":{"start":{"line":15,"column":22},"end":{"line":17,"column":7}},"line":15},"3":{"name":"(anonymous_3)","decl":{"start":{"line":19,"column":10},"end":{"line":19,"column":11}},"loc":{"start":{"line":19,"column":22},"end":{"line":21,"column":7}},"line":19},"4":{"name":"(anonymous_4)","decl":{"start":{"line":20,"column":42},"end":{"line":20,"column":43}},"loc":{"start":{"line":20,"column":50},"end":{"line":20,"column":68}},"line":20},"5":{"name":"(anonymous_5)","decl":{"start":{"line":24,"column":14},"end":{"line":24,"column":15}},"loc":{"start":{"line":24,"column":31},"end":{"line":24,"column":68}},"line":24},"6":{"name":"(anonymous_6)","decl":{"start":{"line":25,"column":25},"end":{"line":25,"column":26}},"loc":{"start":{"line":25,"column":31},"end":{"line":25,"column":46}},"line":25}},"branchMap":{"0":{"loc":{"start":{"line":14,"column":4},"end":{"line":22,"column":5}},"type":"if","locations":[{"start":{"line":14,"column":4},"end":{"line":22,"column":5}},{"start":{"line":18,"column":11},"end":{"line":22,"column":5}}],"line":14}},"s":{"0":2,"1":2,"2":0,"3":0,"4":0,"5":0,"6":0,"7":0,"8":0,"9":0,"10":0},"f":{"0":2,"1":0,"2":0,"3":0,"4":0,"5":0,"6":0},"b":{"0":[0,0]},"_coverageSchema":"1a1c01bbd47fc00a2c39e90264f33305004495a9","hash":"b049d9c8f16d0e1253dfa89c95a52b8cc95a4929"}
,"/Users/rethink_1/workspace/star-wars-list-app/StarWarsList/src/theme/colors.ts": {"path":"/Users/rethink_1/workspace/star-wars-list-app/StarWarsList/src/theme/colors.ts","statementMap":{"0":{"start":{"line":1,"column":17},"end":{"line":7,"column":1}},"1":{"start":{"line":9,"column":23},"end":{"line":13,"column":1}}},"fnMap":{},"branchMap":{},"s":{"0":7,"1":7},"f":{},"b":{},"_coverageSchema":"1a1c01bbd47fc00a2c39e90264f33305004495a9","hash":"94623702cb863d1b16096d14f168c4943e0c5cd1"}
,"/Users/rethink_1/workspace/star-wars-list-app/StarWarsList/src/viewmodels/CharacterDetails.ts": {"path":"/Users/rethink_1/workspace/star-wars-list-app/StarWarsList/src/viewmodels/CharacterDetails.ts","statementMap":{"0":{"start":{"line":15,"column":36},"end":{"line":15,"column":60}},"1":{"start":{"line":16,"column":36},"end":{"line":16,"column":68}},"2":{"start":{"line":17,"column":28},"end":{"line":17,"column":57}},"3":{"start":{"line":19,"column":31},"end":{"line":30,"column":3}},"4":{"start":{"line":20,"column":4},"end":{"line":20,"column":23}},"5":{"start":{"line":21,"column":4},"end":{"line":29,"column":5}},"6":{"start":{"line":22,"column":28},"end":{"line":22,"column":69}},"7":{"start":{"line":23,"column":6},"end":{"line":23,"column":34}},"8":{"start":{"line":24,"column":6},"end":{"line":24,"column":21}},"9":{"start":{"line":26,"column":6},"end":{"line":26,"column":59}},"10":{"start":{"line":28,"column":6},"end":{"line":28,"column":26}},"11":{"start":{"line":32,"column":2},"end":{"line":37,"column":4}}},"fnMap":{"0":{"name":"useCharacterDetailViewModel","decl":{"start":{"line":14,"column":16},"end":{"line":14,"column":43}},"loc":{"start":{"line":14,"column":72},"end":{"line":38,"column":1}},"line":14},"1":{"name":"(anonymous_1)","decl":{"start":{"line":19,"column":31},"end":{"line":19,"column":32}},"loc":{"start":{"line":19,"column":59},"end":{"line":30,"column":3}},"line":19}},"branchMap":{},"s":{"0":0,"1":0,"2":0,"3":0,"4":0,"5":0,"6":0,"7":0,"8":0,"9":0,"10":0,"11":0},"f":{"0":0,"1":0},"b":{},"_coverageSchema":"1a1c01bbd47fc00a2c39e90264f33305004495a9","hash":"8a7cfc82133084128968587b5315f789d823593c"}
,"/Users/rethink_1/workspace/star-wars-list-app/StarWarsList/src/viewmodels/CharacterListNameViewModel.ts": {"path":"/Users/rethink_1/workspace/star-wars-list-app/StarWarsList/src/viewmodels/CharacterListNameViewModel.ts","statementMap":{"0":{"start":{"line":15,"column":18},"end":{"line":15,"column":20}},"1":{"start":{"line":18,"column":36},"end":{"line":18,"column":60}},"2":{"start":{"line":19,"column":34},"end":{"line":19,"column":58}},"3":{"start":{"line":20,"column":38},"end":{"line":20,"column":63}},"4":{"start":{"line":21,"column":26},"end":{"line":21,"column":45}},"5":{"start":{"line":23,"column":2},"end":{"line":25,"column":9}},"6":{"start":{"line":24,"column":4},"end":{"line":24,"column":21}},"7":{"start":{"line":27,"column":25},"end":{"line":39,"column":3}},"8":{"start":{"line":28,"column":4},"end":{"line":28,"column":23}},"9":{"start":{"line":29,"column":4},"end":{"line":38,"column":5}},"10":{"start":{"line":30,"column":31},"end":{"line":30,"column":62}},"11":{"start":{"line":31,"column":6},"end":{"line":31,"column":38}},"12":{"start":{"line":32,"column":6},"end":{"line":32,"column":25}},"13":{"start":{"line":34,"column":6},"end":{"line":34,"column":60}},"14":{"start":{"line":35,"column":6},"end":{"line":35,"column":24}},"15":{"start":{"line":37,"column":6},"end":{"line":37,"column":26}},"16":{"start":{"line":41,"column":29},"end":{"line":56,"column":3}},"17":{"start":{"line":42,"column":4},"end":{"line":42,"column":26}},"18":{"start":{"line":42,"column":19},"end":{"line":42,"column":26}},"19":{"start":{"line":43,"column":4},"end":{"line":43,"column":23}},"20":{"start":{"line":44,"column":4},"end":{"line":55,"column":5}},"21":{"start":{"line":45,"column":23},"end":{"line":45,"column":31}},"22":{"start":{"line":46,"column":31},"end":{"line":46,"column":66}},"23":{"start":{"line":47,"column":6},"end":{"line":47,"column":58}},"24":{"start":{"line":48,"column":6},"end":{"line":48,"column":24}},"25":{"start":{"line":49,"column":6},"end":{"line":49,"column":25}},"26":{"start":{"line":51,"column":6},"end":{"line":51,"column":65}},"27":{"start":{"line":52,"column":6},"end":{"line":52,"column":24}},"28":{"start":{"line":54,"column":6},"end":{"line":54,"column":26}},"29":{"start":{"line":58,"column":2},"end":{"line":64,"column":4}}},"fnMap":{"0":{"name":"useCharacterNameListViewModel","decl":{"start":{"line":17,"column":16},"end":{"line":17,"column":45}},"loc":{"start":{"line":17,"column":72},"end":{"line":65,"column":1}},"line":17},"1":{"name":"(anonymous_1)","decl":{"start":{"line":23,"column":12},"end":{"line":23,"column":13}},"loc":{"start":{"line":23,"column":18},"end":{"line":25,"column":3}},"line":23},"2":{"name":"(anonymous_2)","decl":{"start":{"line":27,"column":25},"end":{"line":27,"column":26}},"loc":{"start":{"line":27,"column":37},"end":{"line":39,"column":3}},"line":27},"3":{"name":"(anonymous_3)","decl":{"start":{"line":41,"column":29},"end":{"line":41,"column":30}},"loc":{"start":{"line":41,"column":41},"end":{"line":56,"column":3}},"line":41}},"branchMap":{"0":{"loc":{"start":{"line":42,"column":4},"end":{"line":42,"column":26}},"type":"if","locations":[{"start":{"line":42,"column":4},"end":{"line":42,"column":26}},{"start":{},"end":{}}],"line":42}},"s":{"0":1,"1":0,"2":0,"3":0,"4":0,"5":0,"6":0,"7":0,"8":0,"9":0,"10":0,"11":0,"12":0,"13":0,"14":0,"15":0,"16":0,"17":0,"18":0,"19":0,"20":0,"21":0,"22":0,"23":0,"24":0,"25":0,"26":0,"27":0,"28":0,"29":0},"f":{"0":0,"1":0,"2":0,"3":0},"b":{"0":[0,0]},"_coverageSchema":"1a1c01bbd47fc00a2c39e90264f33305004495a9","hash":"59af83172ce03a982cc59ca1054057c9aece0f1b"}
,"/Users/rethink_1/workspace/star-wars-list-app/StarWarsList/src/viewmodels/FilmViewModel.ts": {"path":"/Users/rethink_1/workspace/star-wars-list-app/StarWarsList/src/viewmodels/FilmViewModel.ts","statementMap":{"0":{"start":{"line":11,"column":38},"end":{"line":11,"column":77}},"1":{"start":{"line":12,"column":28},"end":{"line":12,"column":57}},"2":{"start":{"line":14,"column":24},"end":{"line":26,"column":3}},"3":{"start":{"line":15,"column":4},"end":{"line":25,"column":5}},"4":{"start":{"line":16,"column":20},"end":{"line":16,"column":49}},"5":{"start":{"line":17,"column":6},"end":{"line":20,"column":10}},"6":{"start":{"line":17,"column":37},"end":{"line":20,"column":7}},"7":{"start":{"line":21,"column":6},"end":{"line":21,"column":21}},"8":{"start":{"line":23,"column":6},"end":{"line":23,"column":72}},"9":{"start":{"line":24,"column":6},"end":{"line":24,"column":77}},"10":{"start":{"line":28,"column":2},"end":{"line":32,"column":4}}},"fnMap":{"0":{"name":"useFilmViewModel","decl":{"start":{"line":10,"column":16},"end":{"line":10,"column":32}},"loc":{"start":{"line":10,"column":50},"end":{"line":33,"column":1}},"line":10},"1":{"name":"(anonymous_1)","decl":{"start":{"line":14,"column":24},"end":{"line":14,"column":25}},"loc":{"start":{"line":14,"column":51},"end":{"line":26,"column":3}},"line":14},"2":{"name":"(anonymous_2)","decl":{"start":{"line":17,"column":20},"end":{"line":17,"column":21}},"loc":{"start":{"line":17,"column":37},"end":{"line":20,"column":7}},"line":17}},"branchMap":{},"s":{"0":0,"1":0,"2":0,"3":0,"4":0,"5":0,"6":0,"7":0,"8":0,"9":0,"10":0},"f":{"0":0,"1":0,"2":0},"b":{},"_coverageSchema":"1a1c01bbd47fc00a2c39e90264f33305004495a9","hash":"fa1d549d9cda2d838b0bb66965a617902fa591d4"}
}
