TN:
SF:src/api/services/caracterJustNameService.ts
FN:10,fetchCharactersName
FN:13,(anonymous_1)
FN:23,extractIdFromUrl
FN:32,fetchCharacterNameById
FNF:4
FNH:0
FNDA:0,fetchCharactersName
FNDA:0,(anonymous_1)
FNDA:0,extractIdFromUrl
FNDA:0,fetchCharacterNameById
DA:3,0
DA:11,0
DA:12,0
DA:13,0
DA:18,0
DA:19,0
DA:24,0
DA:25,0
DA:26,0
DA:27,0
DA:29,0
DA:35,0
DA:36,0
DA:37,0
DA:39,0
DA:40,0
LF:16
LH:0
BRDA:26,0,0,0
BRDA:26,0,1,0
BRDA:26,1,0,0
BRDA:26,1,1,0
BRF:4
BRH:0
end_of_record
TN:
SF:src/api/services/characterNameService.ts
FN:10,fetchCharactersName
FN:13,(anonymous_1)
FN:23,extractIdFromUrl
FNF:3
FNH:0
FNDA:0,fetchCharactersName
FNDA:0,(anonymous_1)
FNDA:0,extractIdFromUrl
DA:3,1
DA:11,0
DA:12,0
DA:13,0
DA:18,0
DA:19,0
DA:24,0
DA:25,0
DA:26,0
DA:27,0
DA:29,0
LF:11
LH:1
BRDA:26,0,0,0
BRDA:26,0,1,0
BRDA:26,1,0,0
BRDA:26,1,1,0
BRF:4
BRH:0
end_of_record
TN:
SF:src/api/services/charactersFullDetails.ts
FN:19,fetchCharacters
FN:22,(anonymous_1)
FN:34,fetchCharacterFullDetails
FN:59,extractIdFromUrl
FNF:4
FNH:0
FNDA:0,fetchCharacters
FNDA:0,(anonymous_1)
FNDA:0,fetchCharacterFullDetails
FNDA:0,extractIdFromUrl
DA:3,1
DA:20,0
DA:21,0
DA:22,0
DA:29,0
DA:30,0
DA:37,0
DA:38,0
DA:39,0
DA:40,0
DA:54,0
DA:55,0
DA:60,0
DA:61,0
DA:62,0
DA:63,0
DA:65,0
LF:17
LH:1
BRDA:62,0,0,0
BRDA:62,0,1,0
BRDA:62,1,0,0
BRDA:62,1,1,0
BRF:4
BRH:0
end_of_record
TN:
SF:src/api/services/filmService.ts
FN:5,fetchFilmTitle
FNF:1
FNH:0
FNDA:0,fetchFilmTitle
DA:3,1
DA:9,0
DA:10,0
DA:11,0
DA:13,0
DA:18,0
DA:21,0
DA:23,0
DA:24,0
LF:9
LH:1
BRDA:7,0,0,0
BRDA:13,1,0,0
BRDA:13,1,1,0
BRDA:14,2,0,0
BRDA:14,2,1,0
BRDA:14,2,2,0
BRF:6
BRH:0
end_of_record
TN:
SF:src/assets/icons/ArrowDown.tsx
FN:5,(anonymous_0)
FNF:1
FNH:1
FNDA:9,(anonymous_0)
DA:5,4
DA:6,9
LF:2
LH:2
BRDA:5,0,0,0
BRDA:5,1,0,9
BRF:2
BRH:1
end_of_record
TN:
SF:src/assets/icons/ArrowLeft.tsx
FN:5,(anonymous_0)
FNF:1
FNH:1
FNDA:5,(anonymous_0)
DA:5,4
DA:6,5
LF:2
LH:2
BRDA:5,0,0,0
BRDA:5,1,0,5
BRF:2
BRH:1
end_of_record
TN:
SF:src/assets/icons/Close.tsx
FN:5,Close
FNF:1
FNH:0
FNDA:0,Close
DA:6,0
LF:1
LH:0
BRDA:5,0,0,0
BRDA:5,1,0,0
BRF:2
BRH:0
end_of_record
TN:
SF:src/assets/icons/Search.tsx
FN:5,(anonymous_0)
FNF:1
FNH:0
FNDA:0,(anonymous_0)
DA:5,4
DA:6,0
LF:2
LH:1
BRDA:5,0,0,0
BRDA:5,1,0,0
BRF:2
BRH:0
end_of_record
TN:
SF:src/assets/icons/StarLine.tsx
FN:5,(anonymous_0)
FNF:1
FNH:1
FNDA:8,(anonymous_0)
DA:5,4
DA:6,8
LF:2
LH:2
BRDA:5,0,0,0
BRDA:5,1,0,8
BRF:2
BRH:1
end_of_record
TN:
SF:src/assets/icons/StartOutline.tsx
FN:5,(anonymous_0)
FNF:1
FNH:1
FNDA:3,(anonymous_0)
DA:5,4
DA:6,3
LF:2
LH:2
BRDA:5,0,0,0
BRDA:5,1,0,3
BRF:2
BRH:1
end_of_record
TN:
SF:src/components/Button/Button.tsx
FN:17,(anonymous_0)
FNF:1
FNH:1
FNDA:3,(anonymous_0)
DA:17,1
DA:18,3
LF:2
LH:2
BRF:0
BRH:0
end_of_record
TN:
SF:src/components/CardItem/CardItem.tsx
FN:19,(anonymous_0)
FN:29,(anonymous_1)
FNF:2
FNH:1
FNDA:11,(anonymous_0)
FNDA:0,(anonymous_1)
DA:19,3
DA:27,11
DA:29,11
DA:30,0
DA:31,0
DA:35,11
DA:39,11
LF:7
LH:5
BRDA:27,0,0,8
BRDA:27,0,1,3
BRDA:30,1,0,0
BRDA:30,1,1,0
BRDA:30,2,0,0
BRDA:30,2,1,0
BRDA:35,3,0,2
BRDA:35,3,1,9
BRDA:49,4,0,11
BRDA:49,4,1,9
BRDA:60,5,0,11
BRDA:60,5,1,2
BRF:12
BRH:8
end_of_record
TN:
SF:src/components/CardItem/CardCaracter/CardCaracter.tsx
FN:11,(anonymous_0)
FNF:1
FNH:1
FNDA:3,(anonymous_0)
DA:11,4
DA:12,3
LF:2
LH:2
BRF:0
BRH:0
end_of_record
TN:
SF:src/components/Icon/Icon.tsx
FN:21,Icon
FNF:1
FNH:1
FNDA:25,Icon
DA:27,25
DA:29,25
DA:30,0
DA:37,25
DA:40,4
LF:5
LH:4
BRDA:29,0,0,0
BRDA:29,0,1,25
BRF:2
BRH:1
end_of_record
TN:
SF:src/components/MovieCard/MovieCard.tsx
FN:10,(anonymous_0)
FNF:1
FNH:1
FNDA:3,(anonymous_0)
DA:10,2
DA:11,3
LF:2
LH:2
BRF:0
BRH:0
end_of_record
TN:
SF:src/components/Text/Text.tsx
FN:13,(anonymous_0)
FNF:1
FNH:1
FNDA:72,(anonymous_0)
DA:13,7
DA:18,72
DA:20,72
LF:3
LH:3
BRDA:14,0,0,4
BRDA:18,1,0,72
BRDA:18,1,1,0
BRF:3
BRH:2
end_of_record
TN:
SF:src/components/TopBar/TopBar.tsx
FN:14,(anonymous_0)
FNF:1
FNH:1
FNDA:8,(anonymous_0)
DA:14,3
DA:19,8
LF:2
LH:2
BRDA:21,0,0,8
BRDA:21,0,1,5
BRDA:30,1,0,8
BRDA:30,1,1,5
BRF:4
BRH:4
end_of_record
TN:
SF:src/routes/Routes.tsx
FN:18,(anonymous_0)
FNF:1
FNH:0
FNDA:0,(anonymous_0)
DA:9,0
DA:18,0
DA:19,0
LF:3
LH:0
BRF:0
BRH:0
end_of_record
TN:
SF:src/screen/DetailScreen/DetailScreen.tsx
FN:21,(anonymous_0)
FN:22,(anonymous_1)
FN:33,(anonymous_2)
FN:37,(anonymous_3)
FN:39,(anonymous_4)
FN:93,(anonymous_5)
FNF:6
FNH:5
FNDA:3,(anonymous_0)
FNDA:0,(anonymous_1)
FNDA:3,(anonymous_2)
FNDA:3,(anonymous_3)
FNDA:3,(anonymous_4)
FNDA:2,(anonymous_5)
DA:21,1
DA:22,3
DA:23,0
DA:26,3
DA:29,3
DA:30,3
DA:31,3
DA:33,3
DA:34,3
DA:37,3
DA:38,3
DA:39,3
DA:40,3
DA:41,0
DA:47,3
DA:48,0
DA:62,3
DA:63,1
DA:70,2
DA:94,2
LF:20
LH:17
BRDA:38,0,0,3
BRDA:38,0,1,0
BRDA:40,1,0,0
BRDA:40,1,1,3
BRDA:47,2,0,0
BRDA:47,2,1,3
BRDA:47,3,0,3
BRDA:47,3,1,3
BRDA:62,4,0,1
BRDA:62,4,1,2
BRDA:62,5,0,3
BRDA:62,5,1,2
BRDA:96,6,0,2
BRDA:96,6,1,0
BRF:14
BRH:10
end_of_record
TN:
SF:src/screen/HomeScreen/HomeScreen.tsx
FN:15,(anonymous_0)
FN:21,(anonymous_1)
FN:33,(anonymous_2)
FN:37,(anonymous_3)
FN:42,(anonymous_4)
FN:45,(anonymous_5)
FN:49,(anonymous_6)
FN:51,(anonymous_7)
FN:58,(anonymous_8)
FN:61,(anonymous_9)
FN:100,(anonymous_10)
FN:112,(anonymous_11)
FN:115,(anonymous_12)
FNF:13
FNH:8
FNDA:0,(anonymous_0)
FNDA:3,(anonymous_1)
FNDA:3,(anonymous_2)
FNDA:4,(anonymous_3)
FNDA:0,(anonymous_4)
FNDA:0,(anonymous_5)
FNDA:4,(anonymous_6)
FNDA:6,(anonymous_7)
FNDA:0,(anonymous_8)
FNDA:0,(anonymous_9)
FNDA:6,(anonymous_10)
FNDA:6,(anonymous_11)
FNDA:2,(anonymous_12)
DA:15,1
DA:16,0
DA:21,1
DA:28,3
DA:31,3
DA:33,3
DA:34,3
DA:37,3
DA:38,4
DA:43,0
DA:45,0
DA:49,3
DA:51,6
DA:53,4
DA:59,0
DA:61,0
DA:66,3
DA:67,0
DA:81,3
DA:82,1
DA:89,2
DA:100,6
DA:112,6
DA:116,2
LF:24
LH:18
BRDA:51,0,0,4
BRDA:51,0,1,0
BRDA:66,1,0,0
BRDA:66,1,1,3
BRDA:66,2,0,3
BRDA:66,2,1,0
BRDA:81,3,0,1
BRDA:81,3,1,2
BRDA:116,4,0,0
BRDA:116,4,1,2
BRDA:116,5,0,2
BRDA:116,5,1,0
BRF:12
BRH:7
end_of_record
TN:
SF:src/store/favoriteStore.ts
FN:10,(anonymous_0)
FN:12,(anonymous_1)
FN:15,(anonymous_2)
FN:19,(anonymous_3)
FN:20,(anonymous_4)
FN:24,(anonymous_5)
FN:25,(anonymous_6)
FNF:7
FNH:1
FNDA:2,(anonymous_0)
FNDA:0,(anonymous_1)
FNDA:0,(anonymous_2)
FNDA:0,(anonymous_3)
FNDA:0,(anonymous_4)
FNDA:0,(anonymous_5)
FNDA:0,(anonymous_6)
DA:10,2
DA:13,0
DA:14,0
DA:15,0
DA:19,0
DA:20,0
DA:24,0
DA:25,0
LF:8
LH:1
BRDA:14,0,0,0
BRDA:14,0,1,0
BRF:2
BRH:0
end_of_record
TN:
SF:src/theme/colors.ts
FNF:0
FNH:0
DA:1,7
DA:9,7
LF:2
LH:2
BRF:0
BRH:0
end_of_record
TN:
SF:src/viewmodels/CharacterDetails.ts
FN:14,useCharacterDetailViewModel
FN:19,(anonymous_1)
FNF:2
FNH:0
FNDA:0,useCharacterDetailViewModel
FNDA:0,(anonymous_1)
DA:15,0
DA:16,0
DA:17,0
DA:19,0
DA:20,0
DA:21,0
DA:22,0
DA:23,0
DA:24,0
DA:26,0
DA:28,0
DA:32,0
LF:12
LH:0
BRF:0
BRH:0
end_of_record
TN:
SF:src/viewmodels/CharacterListNameViewModel.ts
FN:17,useCharacterNameListViewModel
FN:23,(anonymous_1)
FN:27,(anonymous_2)
FN:41,(anonymous_3)
FNF:4
FNH:0
FNDA:0,useCharacterNameListViewModel
FNDA:0,(anonymous_1)
FNDA:0,(anonymous_2)
FNDA:0,(anonymous_3)
DA:15,1
DA:18,0
DA:19,0
DA:20,0
DA:21,0
DA:23,0
DA:24,0
DA:27,0
DA:28,0
DA:29,0
DA:30,0
DA:31,0
DA:32,0
DA:34,0
DA:35,0
DA:37,0
DA:41,0
DA:42,0
DA:43,0
DA:44,0
DA:45,0
DA:46,0
DA:47,0
DA:48,0
DA:49,0
DA:51,0
DA:52,0
DA:54,0
DA:58,0
LF:29
LH:1
BRDA:42,0,0,0
BRDA:42,0,1,0
BRF:2
BRH:0
end_of_record
TN:
SF:src/viewmodels/FilmViewModel.ts
FN:10,useFilmViewModel
FN:14,(anonymous_1)
FN:17,(anonymous_2)
FNF:3
FNH:0
FNDA:0,useFilmViewModel
FNDA:0,(anonymous_1)
FNDA:0,(anonymous_2)
DA:11,0
DA:12,0
DA:14,0
DA:15,0
DA:16,0
DA:17,0
DA:21,0
DA:23,0
DA:24,0
DA:28,0
LF:10
LH:0
BRF:0
BRH:0
end_of_record
